Build started 04/10/2016 10:46:18.
     1>Project "C:\Users\Alunos\Documents\MTP\AULA20161004\hep3\hep3\hep3.vcxproj" on node 2 (build target(s)).
     1>InitializeBuildStatus:
         Touching "Debug\hep3.unsuccessfulbuild".
       ClCompile:
         C:\Program Files\Microsoft Visual Studio 10.0\VC\bin\CL.exe /c /ZI /nologo /W3 /WX- /Od /Oy- /D WIN32 /D _DEBUG /D _CONSOLE /D _UNICODE /D UNICODE /Gm /EHsc /RTC1 /MDd /GS /fp:precise /Zc:wchar_t /Zc:forScope /Fo"Debug\\" /Fd"Debug\vc100.pdb" /Gd /TC /analyze- /errorReport:prompt hep3.c
         hep3.c
     1>c:\users\alunos\documents\mtp\aula20161004\hep3\hep3\hep3.c(16): warning C4013: 'strlen' undefined; assuming extern returning int
       ManifestResourceCompile:
         C:\Program Files\Microsoft SDKs\Windows\v7.0A\bin\rc.exe /nologo /fo"Debug\hep3.exe.embed.manifest.res" Debug\hep3_manifest.rc 
       Link:
         C:\Program Files\Microsoft Visual Studio 10.0\VC\bin\link.exe /ERRORREPORT:PROMPT /OUT:"C:\Users\Alunos\Documents\MTP\AULA20161004\hep3\Debug\hep3.exe" /INCREMENTAL /NOLOGO kernel32.lib user32.lib gdi32.lib winspool.lib comdlg32.lib advapi32.lib shell32.lib ole32.lib oleaut32.lib uuid.lib odbc32.lib odbccp32.lib /MANIFEST /ManifestFile:"Debug\hep3.exe.intermediate.manifest" /MANIFESTUAC:"level='asInvoker' uiAccess='false'" /DEBUG /PDB:"C:\Users\Alunos\Documents\MTP\AULA20161004\hep3\Debug\hep3.pdb" /SUBSYSTEM:CONSOLE /TLBID:1 /DYNAMICBASE /NXCOMPAT /IMPLIB:"C:\Users\Alunos\Documents\MTP\AULA20161004\hep3\Debug\hep3.lib" /MACHINE:X86 Debug\hep3.exe.embed.manifest.res
         Debug\hep3.obj
       Manifest:
         C:\Program Files\Microsoft SDKs\Windows\v7.0A\bin\mt.exe /nologo /verbose /out:"Debug\hep3.exe.embed.manifest" /manifest Debug\hep3.exe.intermediate.manifest
         C:\Program Files\Microsoft SDKs\Windows\v7.0A\bin\rc.exe /nologo /fo"Debug\hep3.exe.embed.manifest.res" Debug\hep3_manifest.rc 
       LinkEmbedManifest:
         C:\Program Files\Microsoft Visual Studio 10.0\VC\bin\link.exe /ERRORREPORT:PROMPT /OUT:"C:\Users\Alunos\Documents\MTP\AULA20161004\hep3\Debug\hep3.exe" /INCREMENTAL /NOLOGO kernel32.lib user32.lib gdi32.lib winspool.lib comdlg32.lib advapi32.lib shell32.lib ole32.lib oleaut32.lib uuid.lib odbc32.lib odbccp32.lib /MANIFEST /ManifestFile:"Debug\hep3.exe.intermediate.manifest" /MANIFESTUAC:"level='asInvoker' uiAccess='false'" /DEBUG /PDB:"C:\Users\Alunos\Documents\MTP\AULA20161004\hep3\Debug\hep3.pdb" /SUBSYSTEM:CONSOLE /TLBID:1 /DYNAMICBASE /NXCOMPAT /IMPLIB:"C:\Users\Alunos\Documents\MTP\AULA20161004\hep3\Debug\hep3.lib" /MACHINE:X86 Debug\hep3.exe.embed.manifest.res
         Debug\hep3.obj
         hep3.vcxproj -> C:\Users\Alunos\Documents\MTP\AULA20161004\hep3\Debug\hep3.exe
       FinalizeBuildStatus:
         Deleting file "Debug\hep3.unsuccessfulbuild".
         Touching "Debug\hep3.lastbuildstate".
     1>Done Building Project "C:\Users\Alunos\Documents\MTP\AULA20161004\hep3\hep3\hep3.vcxproj" (build target(s)).

Build succeeded.

Time Elapsed 00:00:00.94
