Build started 04/10/2016 10:11:04.
     1>Project "C:\Users\Alunos\Documents\MTP\AULA20161004\stk1\stk1\stk1.vcxproj" on node 2 (build target(s)).
     1>InitializeBuildStatus:
         Creating "Debug\stk1.unsuccessfulbuild" because "AlwaysCreate" was specified.
       ClCompile:
         C:\Program Files\Microsoft Visual Studio 10.0\VC\bin\CL.exe /c /ZI /nologo /W3 /WX- /Od /Oy- /D WIN32 /D _DEBUG /D _CONSOLE /D _UNICODE /D UNICODE /Gm /EHsc /RTC1 /MDd /GS /fp:precise /Zc:wchar_t /Zc:forScope /Fo"Debug\\" /Fd"Debug\vc100.pdb" /Gd /TC /analyze- /errorReport:prompt stk1.c
         stk1.c
     1>c:\users\alunos\documents\mtp\aula20161004\stk1\stk1\stk1.c(16): warning C4013: 'system' undefined; assuming extern returning int
     1>c:\users\alunos\documents\mtp\aula20161004\stk1\stk1\stk1.c(25): warning C4996: 'scanf': This function or variable may be unsafe. Consider using scanf_s instead. To disable deprecation, use _CRT_SECURE_NO_WARNINGS. See online help for details.
                 c:\program files\microsoft visual studio 10.0\vc\include\stdio.h(304) : see declaration of 'scanf'
       ManifestResourceCompile:
         All outputs are up-to-date.
       Link:
         C:\Program Files\Microsoft Visual Studio 10.0\VC\bin\link.exe /ERRORREPORT:PROMPT /OUT:"C:\Users\Alunos\Documents\MTP\AULA20161004\stk1\Debug\stk1.exe" /INCREMENTAL /NOLOGO kernel32.lib user32.lib gdi32.lib winspool.lib comdlg32.lib advapi32.lib shell32.lib ole32.lib oleaut32.lib uuid.lib odbc32.lib odbccp32.lib /MANIFEST /ManifestFile:"Debug\stk1.exe.intermediate.manifest" /MANIFESTUAC:"level='asInvoker' uiAccess='false'" /DEBUG /PDB:"C:\Users\Alunos\Documents\MTP\AULA20161004\stk1\Debug\stk1.pdb" /SUBSYSTEM:CONSOLE /TLBID:1 /DYNAMICBASE /NXCOMPAT /IMPLIB:"C:\Users\Alunos\Documents\MTP\AULA20161004\stk1\Debug\stk1.lib" /MACHINE:X86 Debug\stk1.exe.embed.manifest.res
         Debug\stk1.obj
       Manifest:
         C:\Program Files\Microsoft SDKs\Windows\v7.0A\bin\mt.exe /nologo /verbose /out:"Debug\stk1.exe.embed.manifest" /manifest Debug\stk1.exe.intermediate.manifest
         All outputs are up-to-date.
       LinkEmbedManifest:
         All outputs are up-to-date.
         stk1.vcxproj -> C:\Users\Alunos\Documents\MTP\AULA20161004\stk1\Debug\stk1.exe
       FinalizeBuildStatus:
         Deleting file "Debug\stk1.unsuccessfulbuild".
         Touching "Debug\stk1.lastbuildstate".
     1>Done Building Project "C:\Users\Alunos\Documents\MTP\AULA20161004\stk1\stk1\stk1.vcxproj" (build target(s)).

Build succeeded.

Time Elapsed 00:00:00.52
